Flow report for MIPScomPipeline
Thu Oct  4 12:44:12 2018
Quartus II 64-Bit Version 14.0.0 Build 200 06/17/2014 SJ Web Edition


---------------------
; Table of Contents ;
---------------------
  1. Legal Notice
  2. Flow Summary
  3. Flow Settings
  4. Flow Non-Default Global Settings
  5. Flow Elapsed Time
  6. Flow OS Summary
  7. Flow Log
  8. Flow Messages
  9. Flow Suppressed Messages



----------------
; Legal Notice ;
----------------
Copyright (C) 1991-2014 Altera Corporation. All rights reserved.
Your use of Altera Corporation's design tools, logic functions 
and other software and tools, and its AMPP partner logic 
functions, and any output files from any of the foregoing 
(including device programming or simulation files), and any 
associated documentation or information are expressly subject 
to the terms and conditions of the Altera Program License 
Subscription Agreement, the Altera Quartus II License Agreement,
the Altera MegaCore Function License Agreement, or other 
applicable license agreement, including, without limitation, 
that your use is for the sole purpose of programming logic 
devices manufactured by Altera and sold by Altera or its 
authorized distributors.  Please refer to the applicable 
agreement for further details.



+---------------------------------------------------------------------------------+
; Flow Summary                                                                    ;
+------------------------------------+--------------------------------------------+
; Flow Status                        ; Successful - Thu Oct  4 12:44:12 2018      ;
; Quartus II 64-Bit Version          ; 14.0.0 Build 200 06/17/2014 SJ Web Edition ;
; Revision Name                      ; MIPScomPipeline                            ;
; Top-level Entity Name              ; MIPScomPipeline                            ;
; Family                             ; Cyclone IV E                               ;
; Device                             ; EP4CE115F29C7                              ;
; Timing Models                      ; Final                                      ;
; Total logic elements               ; 814 / 114,480 ( < 1 % )                    ;
;     Total combinational functions  ; 720 / 114,480 ( < 1 % )                    ;
;     Dedicated logic registers      ; 375 / 114,480 ( < 1 % )                    ;
; Total registers                    ; 375                                        ;
; Total pins                         ; 77 / 529 ( 15 % )                          ;
; Total virtual pins                 ; 0                                          ;
; Total memory bits                  ; 3,584 / 3,981,312 ( < 1 % )                ;
; Embedded Multiplier 9-bit elements ; 0 / 532 ( 0 % )                            ;
; Total PLLs                         ; 0 / 4 ( 0 % )                              ;
+------------------------------------+--------------------------------------------+


+-----------------------------------------+
; Flow Settings                           ;
+-------------------+---------------------+
; Option            ; Setting             ;
+-------------------+---------------------+
; Start date & time ; 10/04/2018 12:40:50 ;
; Main task         ; Compilation         ;
; Revision Name     ; MIPScomPipeline     ;
+-------------------+---------------------+


+----------------------------------------------------------------------------------------------------------------------------+
; Flow Non-Default Global Settings                                                                                           ;
+-------------------------------------+---------------------------------------+---------------+-------------+----------------+
; Assignment Name                     ; Value                                 ; Default Value ; Entity Name ; Section Id     ;
+-------------------------------------+---------------------------------------+---------------+-------------+----------------+
; COMPILER_SIGNATURE_ID               ; 0.153866765002420                     ; --            ; --          ; --             ;
; EDA_OUTPUT_DATA_FORMAT              ; Verilog Hdl                           ; --            ; --          ; eda_simulation ;
; EDA_SIMULATION_TOOL                 ; ModelSim-Altera (Verilog)             ; <None>        ; --          ; --             ;
; MAX_CORE_JUNCTION_TEMP              ; 85                                    ; --            ; --          ; --             ;
; MIN_CORE_JUNCTION_TEMP              ; 0                                     ; --            ; --          ; --             ;
; PARTITION_COLOR                     ; 16764057                              ; --            ; --          ; Top            ;
; PARTITION_FITTER_PRESERVATION_LEVEL ; PLACEMENT_AND_ROUTING                 ; --            ; --          ; Top            ;
; PARTITION_NETLIST_TYPE              ; SOURCE                                ; --            ; --          ; Top            ;
; POWER_BOARD_THERMAL_MODEL           ; None (CONSERVATIVE)                   ; --            ; --          ; --             ;
; POWER_PRESET_COOLING_SOLUTION       ; 23 MM HEAT SINK WITH 200 LFPM AIRFLOW ; --            ; --          ; --             ;
+-------------------------------------+---------------------------------------+---------------+-------------+----------------+


+-------------------------------------------------------------------------------------------------------------------------------+
; Flow Elapsed Time                                                                                                             ;
+---------------------------+--------------+-------------------------+---------------------+------------------------------------+
; Module Name               ; Elapsed Time ; Average Processors Used ; Peak Virtual Memory ; Total CPU Time (on all processors) ;
+---------------------------+--------------+-------------------------+---------------------+------------------------------------+
; Analysis & Synthesis      ; 00:00:23     ; 1.0                     ; 844 MB              ; 00:00:23                           ;
; Fitter                    ; 00:01:42     ; 1.0                     ; 1057 MB             ; 00:01:41                           ;
; Assembler                 ; 00:00:16     ; 1.0                     ; 687 MB              ; 00:00:16                           ;
; TimeQuest Timing Analyzer ; 00:00:11     ; 1.0                     ; 757 MB              ; 00:00:11                           ;
; EDA Netlist Writer        ; 00:00:06     ; 1.0                     ; 900 MB              ; 00:00:06                           ;
; Total                     ; 00:02:38     ; --                      ; --                  ; 00:02:37                           ;
+---------------------------+--------------+-------------------------+---------------------+------------------------------------+


+---------------------------------------------------------------------------------------------+
; Flow OS Summary                                                                             ;
+---------------------------+------------------+----------------+------------+----------------+
; Module Name               ; Machine Hostname ; OS Name        ; OS Version ; Processor type ;
+---------------------------+------------------+----------------+------------+----------------+
; Analysis & Synthesis      ; netoJose         ; Ubuntu 18.04.1 ; 18         ; x86_64         ;
; Fitter                    ; netoJose         ; Ubuntu 18.04.1 ; 18         ; x86_64         ;
; Assembler                 ; netoJose         ; Ubuntu 18.04.1 ; 18         ; x86_64         ;
; TimeQuest Timing Analyzer ; netoJose         ; Ubuntu 18.04.1 ; 18         ; x86_64         ;
; EDA Netlist Writer        ; netoJose         ; Ubuntu 18.04.1 ; 18         ; x86_64         ;
+---------------------------+------------------+----------------+------------+----------------+


------------
; Flow Log ;
------------
quartus_map --read_settings_files=on --write_settings_files=off MIPScomPipeline -c MIPScomPipeline
quartus_fit --read_settings_files=off --write_settings_files=off MIPScomPipeline -c MIPScomPipeline
quartus_asm --read_settings_files=off --write_settings_files=off MIPScomPipeline -c MIPScomPipeline
quartus_sta MIPScomPipeline -c MIPScomPipeline
quartus_eda --read_settings_files=off --write_settings_files=off MIPScomPipeline -c MIPScomPipeline



